This is pdfTeX, Version 3.14159265-2.6-1.40.15 (MiKTeX 2.9 64-bit) (preloaded format=pdftex 2017.3.6)  26 MAR 2017 21:59
entering extended mode
**C:/Users/guoyx/Desktop/thesis-xiao/thesis-xiao/tex.bib
(C:/Users/guoyx/Desktop/thesis-xiao/thesis-xiao/tex.bib
Missing character: There is no ç in font cmr10!
Missing character: There is no ¿ in font cmr10!
Missing character: There is no » in font cmr10!
Missing character: There is no è in font cmr10!
Missing character: There is no ¯ in font cmr10!
Missing character: There is no ‘ in font cmr10!
Missing character: There is no å in font cmr10!
Missing character: There is no ° in font cmr10!
Missing character: There is no  in font cmr10!
Missing character: There is no ç in font cmr10!
Missing character: There is no » in font cmr10!
Missing character: There is no „ in font cmr10!
Missing character: There is no ä in font cmr10!
Missing character: There is no ¸ in font cmr10!
Missing character: There is no ­ in font cmr10!
Missing character: There is no æ in font cmr10!
Missing character: There is no – in font cmr10!
Missing character: There is no ‡ in font cmr10!
Missing character: There is no ç in font cmr10!
Missing character: There is no ‰ in font cmr10!
Missing character: There is no ˆ in font cmr10!
Missing character: There is no é in font cmr10!
Missing character: There is no ‚ in font cmr10!
Missing character: There is no “ in font cmr10!
Missing character: There is no å in font cmr10!
Missing character: There is no » in font cmr10!
Missing character: There is no º in font cmr10!
Missing character: There is no æ in font cmr10!
Missing character: There is no  in font cmr10!
Missing character: There is no ¾ in font cmr10!
Missing character: There is no å in font cmr10!
Missing character: There is no ½ in font cmr10!
Missing character: There is no ­ in font cmr10!
Missing character: There is no å in font cmr10!
Missing character: There is no † in font cmr10!
Missing character: There is no ‰ in font cmr10!
Missing character: There is no å in font cmr10!
Missing character: There is no † in font cmr10!
Missing character: There is no ‰ in font cmr10!
Missing character: There is no é in font cmr10!
Missing character: There is no ™ in font cmr10!
Missing character: There is no ˆ in font cmr10!
Missing character: There is no é in font cmr10!
Missing character: There is no • in font cmr10!
Missing character: There is no ¿ in font cmr10!
Missing character: There is no æ in font cmr10!
Missing character: There is no  in font cmr10!
Missing character: There is no ¾ in font cmr10!

! Undefined control sequence.
l.9         title =        {\LaTeXe
                                   {}~ç§‘æŠ€æŽ’ç‰ˆæŒ‡å—},
? 
! Emergency stop.
l.9         title =        {\LaTeXe
                                   {}~ç§‘æŠ€æŽ’ç‰ˆæŒ‡å—},
End of file on the terminal!

!  ==> Fatal error occurred, no output PDF file produced!
